   1               		.file	"main.c"
   2               	__SP_H__ = 0x3e
   3               	__SP_L__ = 0x3d
   4               	__SREG__ = 0x3f
   5               	__tmp_reg__ = 0
   6               	__zero_reg__ = 1
   7               		.text
   8               	.Ltext0:
   9               		.section	.rodata.str1.1,"aMS",@progbits,1
  10               	.LC0:
  11 0000 0A0A 00   		.string	"\n\n"
  12               	.LC1:
  13 0003 2F6F 2F69 		.string	"/o/i/booting\r\n"
  13      2F62 6F6F 
  13      7469 6E67 
  13      0D0A 00
  14               	.LC2:
  15 0012 640D 0A00 		.string	"d\r\n"
  16               		.section	.text.startup,"ax",@progbits
  17               	.global	main
  19               	main:
  20               	.LFB6:
  21               		.file 1 "main.c"
   1:main.c        **** /*
   2:main.c        ****  * AVRGCC3.c
   3:main.c        ****  *
   4:main.c        ****  * Created: 06.03.2012 20:29:49
   5:main.c        ****  *  Author: armageddon
   6:main.c        ****  */
   7:main.c        **** 
   8:main.c        **** 
   9:main.c        **** #include "main.h"
  10:main.c        **** 
  11:main.c        **** 
  12:main.c        **** int main(void)
  13:main.c        **** {
  22               		.loc 1 13 0
  23               	/* prologue: function */
  24               	/* frame size = 0 */
  25               	/* stack size = 0 */
  26               	.L__stack_usage = 0
  27               	.LVL0:
  14:main.c        **** 	
  15:main.c        **** 	uint8_t delay1 = 0, delay2 = 0, delay3 = 0;
  16:main.c        **** 	
  17:main.c        **** 	seg_init();
  28               		.loc 1 17 0
  29 0000 00D0      		rcall seg_init
  30               	.LVL1:
  18:main.c        **** 	mat_init();
  31               		.loc 1 18 0
  32 0002 00D0      		rcall mat_init
  33               	.LVL2:
  19:main.c        **** 	uart_init();
  34               		.loc 1 19 0
  35 0004 00D0      		rcall uart_init
  36               	.LVL3:
  20:main.c        **** 	sei();
  37               		.loc 1 20 0
  38               	/* #APP */
  39               	 ;  20 "main.c" 1
  40 0006 7894      		sei
  41               	 ;  0 "" 2
  21:main.c        **** 	
  22:main.c        **** 	uart_puts("\n\n");
  42               		.loc 1 22 0
  43               	/* #NOAPP */
  44 0008 80E0      		ldi r24,lo8(.LC0)
  45 000a 90E0      		ldi r25,hi8(.LC0)
  46 000c 00D0      		rcall uart_puts
  47               	.LVL4:
  23:main.c        **** 	uart_puts("/o/i/booting\r\n");
  48               		.loc 1 23 0
  49 000e 80E0      		ldi r24,lo8(.LC1)
  50 0010 90E0      		ldi r25,hi8(.LC1)
  51 0012 00D0      		rcall uart_puts
  52               	.LVL5:
  15:main.c        **** 	uint8_t delay1 = 0, delay2 = 0, delay3 = 0;
  53               		.loc 1 15 0
  54 0014 C0E0      		ldi r28,0
  55 0016 D0E0      		ldi r29,0
  56               	.LVL6:
  57               	.L3:
  58               	.LBB5:
  24:main.c        **** 	
  25:main.c        ****     while(1)
  26:main.c        ****     {	
  27:main.c        **** 		
  28:main.c        **** 		for(uint8_t i=0; i<3;i++) uart_process();
  59               		.loc 1 28 0
  60 0018 00D0      		rcall uart_process
  61               	.LVL7:
  62 001a 00D0      		rcall uart_process
  63               	.LVL8:
  64 001c 00D0      		rcall uart_process
  65               	.LVL9:
  66               	.LBE5:
  29:main.c        **** 		
  30:main.c        **** 		
  31:main.c        **** 		delay2++;
  67               		.loc 1 31 0
  68 001e CF5F      		subi r28,lo8(-(1))
  69               	.LVL10:
  32:main.c        **** 		if(delay2 == 200){
  70               		.loc 1 32 0
  71 0020 C83C      		cpi r28,lo8(-56)
  72 0022 01F4      		brne .L2
  73               	.LVL11:
  33:main.c        **** 			delay2 = 0;
  34:main.c        **** 			mat_check();		
  74               		.loc 1 34 0
  75 0024 00D0      		rcall mat_check
  76               	.LVL12:
  35:main.c        **** 			
  36:main.c        **** 			
  37:main.c        **** 			delay1++;
  77               		.loc 1 37 0
  78 0026 DF5F      		subi r29,lo8(-(1))
  79               	.LVL13:
  38:main.c        **** 			if(delay1 == 200){
  80               		.loc 1 38 0
  81 0028 D83C      		cpi r29,lo8(-56)
  82 002a 01F4      		brne .L4
  83               	.LVL14:
  39:main.c        **** 				delay1 = 0;
  40:main.c        **** 				mat_debug();
  84               		.loc 1 40 0
  85 002c 00D0      		rcall mat_debug
  86               	.LVL15:
  41:main.c        **** 				test();
  87               		.loc 1 41 0
  88 002e 00D0      		rcall test
  89               	.LVL16:
  42:main.c        **** 				uart_puts("d\r\n");
  90               		.loc 1 42 0
  91 0030 80E0      		ldi r24,lo8(.LC2)
  92 0032 90E0      		ldi r25,hi8(.LC2)
  93 0034 00D0      		rcall uart_puts
  94               	.LVL17:
  43:main.c        **** 				
  44:main.c        **** 				if(delay3 == 10){
  45:main.c        **** 					delay3 = 0;
  46:main.c        **** 					uart_puts("\n");
  47:main.c        **** 				}
  48:main.c        **** 				connect(); //checks hastoconnect variable
  95               		.loc 1 48 0
  96 0036 00D0      		rcall connect
  97               	.LVL18:
  33:main.c        **** 			delay2 = 0;
  98               		.loc 1 33 0
  99 0038 C0E0      		ldi r28,0
  39:main.c        **** 				delay1 = 0;
 100               		.loc 1 39 0
 101 003a D0E0      		ldi r29,0
 102 003c 00C0      		rjmp .L2
 103               	.LVL19:
 104               	.L4:
  33:main.c        **** 			delay2 = 0;
 105               		.loc 1 33 0
 106 003e C0E0      		ldi r28,0
 107               	.LVL20:
 108               	.L2:
 109               	.LBB6:
 110               	.LBB7:
 111               		.file 2 "/usr/lib/gcc/avr/4.7.2/../../../avr/include/util/delay.h"
   1:/usr/lib/gcc/avr/4.7.2/../../../avr/include/util/delay.h **** /* Copyright (c) 2002, Marek Michalkiewicz
   2:/usr/lib/gcc/avr/4.7.2/../../../avr/include/util/delay.h ****    Copyright (c) 2004,2005,2007 Joerg Wunsch
   3:/usr/lib/gcc/avr/4.7.2/../../../avr/include/util/delay.h ****    Copyright (c) 2007  Florin-Viorel Petrov
   4:/usr/lib/gcc/avr/4.7.2/../../../avr/include/util/delay.h ****    All rights reserved.
   5:/usr/lib/gcc/avr/4.7.2/../../../avr/include/util/delay.h **** 
   6:/usr/lib/gcc/avr/4.7.2/../../../avr/include/util/delay.h ****    Redistribution and use in source and binary forms, with or without
   7:/usr/lib/gcc/avr/4.7.2/../../../avr/include/util/delay.h ****    modification, are permitted provided that the following conditions are met:
   8:/usr/lib/gcc/avr/4.7.2/../../../avr/include/util/delay.h **** 
   9:/usr/lib/gcc/avr/4.7.2/../../../avr/include/util/delay.h ****    * Redistributions of source code must retain the above copyright
  10:/usr/lib/gcc/avr/4.7.2/../../../avr/include/util/delay.h ****      notice, this list of conditions and the following disclaimer.
  11:/usr/lib/gcc/avr/4.7.2/../../../avr/include/util/delay.h **** 
  12:/usr/lib/gcc/avr/4.7.2/../../../avr/include/util/delay.h ****    * Redistributions in binary form must reproduce the above copyright
  13:/usr/lib/gcc/avr/4.7.2/../../../avr/include/util/delay.h ****      notice, this list of conditions and the following disclaimer in
  14:/usr/lib/gcc/avr/4.7.2/../../../avr/include/util/delay.h ****      the documentation and/or other materials provided with the
  15:/usr/lib/gcc/avr/4.7.2/../../../avr/include/util/delay.h ****      distribution.
  16:/usr/lib/gcc/avr/4.7.2/../../../avr/include/util/delay.h **** 
  17:/usr/lib/gcc/avr/4.7.2/../../../avr/include/util/delay.h ****    * Neither the name of the copyright holders nor the names of
  18:/usr/lib/gcc/avr/4.7.2/../../../avr/include/util/delay.h ****      contributors may be used to endorse or promote products derived
  19:/usr/lib/gcc/avr/4.7.2/../../../avr/include/util/delay.h ****      from this software without specific prior written permission.
  20:/usr/lib/gcc/avr/4.7.2/../../../avr/include/util/delay.h **** 
  21:/usr/lib/gcc/avr/4.7.2/../../../avr/include/util/delay.h ****   THIS SOFTWARE IS PROVIDED BY THE COPYRIGHT HOLDERS AND CONTRIBUTORS "AS IS"
  22:/usr/lib/gcc/avr/4.7.2/../../../avr/include/util/delay.h ****   AND ANY EXPRESS OR IMPLIED WARRANTIES, INCLUDING, BUT NOT LIMITED TO, THE
  23:/usr/lib/gcc/avr/4.7.2/../../../avr/include/util/delay.h ****   IMPLIED WARRANTIES OF MERCHANTABILITY AND FITNESS FOR A PARTICULAR PURPOSE
  24:/usr/lib/gcc/avr/4.7.2/../../../avr/include/util/delay.h ****   ARE DISCLAIMED. IN NO EVENT SHALL THE COPYRIGHT OWNER OR CONTRIBUTORS BE
  25:/usr/lib/gcc/avr/4.7.2/../../../avr/include/util/delay.h ****   LIABLE FOR ANY DIRECT, INDIRECT, INCIDENTAL, SPECIAL, EXEMPLARY, OR
  26:/usr/lib/gcc/avr/4.7.2/../../../avr/include/util/delay.h ****   CONSEQUENTIAL DAMAGES (INCLUDING, BUT NOT LIMITED TO, PROCUREMENT OF
  27:/usr/lib/gcc/avr/4.7.2/../../../avr/include/util/delay.h ****   SUBSTITUTE GOODS OR SERVICES; LOSS OF USE, DATA, OR PROFITS; OR BUSINESS
  28:/usr/lib/gcc/avr/4.7.2/../../../avr/include/util/delay.h ****   INTERRUPTION) HOWEVER CAUSED AND ON ANY THEORY OF LIABILITY, WHETHER IN
  29:/usr/lib/gcc/avr/4.7.2/../../../avr/include/util/delay.h ****   CONTRACT, STRICT LIABILITY, OR TORT (INCLUDING NEGLIGENCE OR OTHERWISE)
  30:/usr/lib/gcc/avr/4.7.2/../../../avr/include/util/delay.h ****   ARISING IN ANY WAY OUT OF THE USE OF THIS SOFTWARE, EVEN IF ADVISED OF THE
  31:/usr/lib/gcc/avr/4.7.2/../../../avr/include/util/delay.h ****   POSSIBILITY OF SUCH DAMAGE. */
  32:/usr/lib/gcc/avr/4.7.2/../../../avr/include/util/delay.h **** 
  33:/usr/lib/gcc/avr/4.7.2/../../../avr/include/util/delay.h **** /* $Id: delay.h.in 2251 2011-09-14 08:20:33Z joerg_wunsch $ */
  34:/usr/lib/gcc/avr/4.7.2/../../../avr/include/util/delay.h **** 
  35:/usr/lib/gcc/avr/4.7.2/../../../avr/include/util/delay.h **** #ifndef _UTIL_DELAY_H_
  36:/usr/lib/gcc/avr/4.7.2/../../../avr/include/util/delay.h **** #define _UTIL_DELAY_H_ 1
  37:/usr/lib/gcc/avr/4.7.2/../../../avr/include/util/delay.h **** 
  38:/usr/lib/gcc/avr/4.7.2/../../../avr/include/util/delay.h **** #ifndef __HAS_DELAY_CYCLES
  39:/usr/lib/gcc/avr/4.7.2/../../../avr/include/util/delay.h **** #define __HAS_DELAY_CYCLES 1
  40:/usr/lib/gcc/avr/4.7.2/../../../avr/include/util/delay.h **** #endif
  41:/usr/lib/gcc/avr/4.7.2/../../../avr/include/util/delay.h **** 
  42:/usr/lib/gcc/avr/4.7.2/../../../avr/include/util/delay.h **** #include <inttypes.h>
  43:/usr/lib/gcc/avr/4.7.2/../../../avr/include/util/delay.h **** #include <util/delay_basic.h>
  44:/usr/lib/gcc/avr/4.7.2/../../../avr/include/util/delay.h **** #include <math.h>
  45:/usr/lib/gcc/avr/4.7.2/../../../avr/include/util/delay.h **** 
  46:/usr/lib/gcc/avr/4.7.2/../../../avr/include/util/delay.h **** /** \file */
  47:/usr/lib/gcc/avr/4.7.2/../../../avr/include/util/delay.h **** /** \defgroup util_delay <util/delay.h>: Convenience functions for busy-wait delay loops
  48:/usr/lib/gcc/avr/4.7.2/../../../avr/include/util/delay.h ****     \code
  49:/usr/lib/gcc/avr/4.7.2/../../../avr/include/util/delay.h ****     #define F_CPU 1000000UL  // 1 MHz
  50:/usr/lib/gcc/avr/4.7.2/../../../avr/include/util/delay.h ****     //#define F_CPU 14.7456E6
  51:/usr/lib/gcc/avr/4.7.2/../../../avr/include/util/delay.h ****     #include <util/delay.h>
  52:/usr/lib/gcc/avr/4.7.2/../../../avr/include/util/delay.h ****     \endcode
  53:/usr/lib/gcc/avr/4.7.2/../../../avr/include/util/delay.h **** 
  54:/usr/lib/gcc/avr/4.7.2/../../../avr/include/util/delay.h ****     \note As an alternative method, it is possible to pass the
  55:/usr/lib/gcc/avr/4.7.2/../../../avr/include/util/delay.h ****     F_CPU macro down to the compiler from the Makefile.
  56:/usr/lib/gcc/avr/4.7.2/../../../avr/include/util/delay.h ****     Obviously, in that case, no \c \#define statement should be
  57:/usr/lib/gcc/avr/4.7.2/../../../avr/include/util/delay.h ****     used.
  58:/usr/lib/gcc/avr/4.7.2/../../../avr/include/util/delay.h **** 
  59:/usr/lib/gcc/avr/4.7.2/../../../avr/include/util/delay.h ****     The functions in this header file are wrappers around the basic
  60:/usr/lib/gcc/avr/4.7.2/../../../avr/include/util/delay.h ****     busy-wait functions from <util/delay_basic.h>.  They are meant as
  61:/usr/lib/gcc/avr/4.7.2/../../../avr/include/util/delay.h ****     convenience functions where actual time values can be specified
  62:/usr/lib/gcc/avr/4.7.2/../../../avr/include/util/delay.h ****     rather than a number of cycles to wait for.  The idea behind is
  63:/usr/lib/gcc/avr/4.7.2/../../../avr/include/util/delay.h ****     that compile-time constant expressions will be eliminated by
  64:/usr/lib/gcc/avr/4.7.2/../../../avr/include/util/delay.h ****     compiler optimization so floating-point expressions can be used
  65:/usr/lib/gcc/avr/4.7.2/../../../avr/include/util/delay.h ****     to calculate the number of delay cycles needed based on the CPU
  66:/usr/lib/gcc/avr/4.7.2/../../../avr/include/util/delay.h ****     frequency passed by the macro F_CPU.
  67:/usr/lib/gcc/avr/4.7.2/../../../avr/include/util/delay.h **** 
  68:/usr/lib/gcc/avr/4.7.2/../../../avr/include/util/delay.h ****     \note In order for these functions to work as intended, compiler
  69:/usr/lib/gcc/avr/4.7.2/../../../avr/include/util/delay.h ****     optimizations <em>must</em> be enabled, and the delay time
  70:/usr/lib/gcc/avr/4.7.2/../../../avr/include/util/delay.h ****     <em>must</em> be an expression that is a known constant at
  71:/usr/lib/gcc/avr/4.7.2/../../../avr/include/util/delay.h ****     compile-time.  If these requirements are not met, the resulting
  72:/usr/lib/gcc/avr/4.7.2/../../../avr/include/util/delay.h ****     delay will be much longer (and basically unpredictable), and
  73:/usr/lib/gcc/avr/4.7.2/../../../avr/include/util/delay.h ****     applications that otherwise do not use floating-point calculations
  74:/usr/lib/gcc/avr/4.7.2/../../../avr/include/util/delay.h ****     will experience severe code bloat by the floating-point library
  75:/usr/lib/gcc/avr/4.7.2/../../../avr/include/util/delay.h ****     routines linked into the application.
  76:/usr/lib/gcc/avr/4.7.2/../../../avr/include/util/delay.h **** 
  77:/usr/lib/gcc/avr/4.7.2/../../../avr/include/util/delay.h ****     The functions available allow the specification of microsecond, and
  78:/usr/lib/gcc/avr/4.7.2/../../../avr/include/util/delay.h ****     millisecond delays directly, using the application-supplied macro
  79:/usr/lib/gcc/avr/4.7.2/../../../avr/include/util/delay.h ****     F_CPU as the CPU clock frequency (in Hertz).
  80:/usr/lib/gcc/avr/4.7.2/../../../avr/include/util/delay.h **** 
  81:/usr/lib/gcc/avr/4.7.2/../../../avr/include/util/delay.h **** */
  82:/usr/lib/gcc/avr/4.7.2/../../../avr/include/util/delay.h **** 
  83:/usr/lib/gcc/avr/4.7.2/../../../avr/include/util/delay.h **** #if !defined(__DOXYGEN__)
  84:/usr/lib/gcc/avr/4.7.2/../../../avr/include/util/delay.h **** static inline void _delay_us(double __us) __attribute__((always_inline));
  85:/usr/lib/gcc/avr/4.7.2/../../../avr/include/util/delay.h **** static inline void _delay_ms(double __ms) __attribute__((always_inline));
  86:/usr/lib/gcc/avr/4.7.2/../../../avr/include/util/delay.h **** #endif
  87:/usr/lib/gcc/avr/4.7.2/../../../avr/include/util/delay.h **** 
  88:/usr/lib/gcc/avr/4.7.2/../../../avr/include/util/delay.h **** #ifndef F_CPU
  89:/usr/lib/gcc/avr/4.7.2/../../../avr/include/util/delay.h **** /* prevent compiler error by supplying a default */
  90:/usr/lib/gcc/avr/4.7.2/../../../avr/include/util/delay.h **** # warning "F_CPU not defined for <util/delay.h>"
  91:/usr/lib/gcc/avr/4.7.2/../../../avr/include/util/delay.h **** # define F_CPU 1000000UL
  92:/usr/lib/gcc/avr/4.7.2/../../../avr/include/util/delay.h **** #endif
  93:/usr/lib/gcc/avr/4.7.2/../../../avr/include/util/delay.h **** 
  94:/usr/lib/gcc/avr/4.7.2/../../../avr/include/util/delay.h **** #ifndef __OPTIMIZE__
  95:/usr/lib/gcc/avr/4.7.2/../../../avr/include/util/delay.h **** # warning "Compiler optimizations disabled; functions from <util/delay.h> won't work as designed"
  96:/usr/lib/gcc/avr/4.7.2/../../../avr/include/util/delay.h **** #endif
  97:/usr/lib/gcc/avr/4.7.2/../../../avr/include/util/delay.h **** 
  98:/usr/lib/gcc/avr/4.7.2/../../../avr/include/util/delay.h **** #if __HAS_DELAY_CYCLES && defined(__OPTIMIZE__) && \
  99:/usr/lib/gcc/avr/4.7.2/../../../avr/include/util/delay.h ****   !defined(__DELAY_BACKWARD_COMPATIBLE__) &&	   \
 100:/usr/lib/gcc/avr/4.7.2/../../../avr/include/util/delay.h ****   __STDC_HOSTED__
 101:/usr/lib/gcc/avr/4.7.2/../../../avr/include/util/delay.h **** #  include <math.h>
 102:/usr/lib/gcc/avr/4.7.2/../../../avr/include/util/delay.h **** #endif
 103:/usr/lib/gcc/avr/4.7.2/../../../avr/include/util/delay.h **** 
 104:/usr/lib/gcc/avr/4.7.2/../../../avr/include/util/delay.h **** /**
 105:/usr/lib/gcc/avr/4.7.2/../../../avr/include/util/delay.h ****    \ingroup util_delay
 106:/usr/lib/gcc/avr/4.7.2/../../../avr/include/util/delay.h **** 
 107:/usr/lib/gcc/avr/4.7.2/../../../avr/include/util/delay.h ****    Perform a delay of \c __ms milliseconds, using _delay_loop_2().
 108:/usr/lib/gcc/avr/4.7.2/../../../avr/include/util/delay.h **** 
 109:/usr/lib/gcc/avr/4.7.2/../../../avr/include/util/delay.h ****    The macro F_CPU is supposed to be defined to a
 110:/usr/lib/gcc/avr/4.7.2/../../../avr/include/util/delay.h ****    constant defining the CPU clock frequency (in Hertz).
 111:/usr/lib/gcc/avr/4.7.2/../../../avr/include/util/delay.h **** 
 112:/usr/lib/gcc/avr/4.7.2/../../../avr/include/util/delay.h ****    The maximal possible delay is 262.14 ms / F_CPU in MHz.
 113:/usr/lib/gcc/avr/4.7.2/../../../avr/include/util/delay.h **** 
 114:/usr/lib/gcc/avr/4.7.2/../../../avr/include/util/delay.h ****    When the user request delay which exceed the maximum possible one,
 115:/usr/lib/gcc/avr/4.7.2/../../../avr/include/util/delay.h ****    _delay_ms() provides a decreased resolution functionality. In this
 116:/usr/lib/gcc/avr/4.7.2/../../../avr/include/util/delay.h ****    mode _delay_ms() will work with a resolution of 1/10 ms, providing
 117:/usr/lib/gcc/avr/4.7.2/../../../avr/include/util/delay.h ****    delays up to 6.5535 seconds (independent from CPU frequency).  The
 118:/usr/lib/gcc/avr/4.7.2/../../../avr/include/util/delay.h ****    user will not be informed about decreased resolution.
 119:/usr/lib/gcc/avr/4.7.2/../../../avr/include/util/delay.h **** 
 120:/usr/lib/gcc/avr/4.7.2/../../../avr/include/util/delay.h ****    If the avr-gcc toolchain has __builtin_avr_delay_cycles(unsigned long)
 121:/usr/lib/gcc/avr/4.7.2/../../../avr/include/util/delay.h ****    support, maximal possible delay is 4294967.295 ms/ F_CPU in MHz. For
 122:/usr/lib/gcc/avr/4.7.2/../../../avr/include/util/delay.h ****    values greater than the maximal possible delay, overflows results in
 123:/usr/lib/gcc/avr/4.7.2/../../../avr/include/util/delay.h ****    no delay i.e., 0ms.
 124:/usr/lib/gcc/avr/4.7.2/../../../avr/include/util/delay.h **** 
 125:/usr/lib/gcc/avr/4.7.2/../../../avr/include/util/delay.h ****    Conversion of __us into clock cycles may not always result in integer.
 126:/usr/lib/gcc/avr/4.7.2/../../../avr/include/util/delay.h ****    By default, the clock cycles rounded up to next integer. This ensures that
 127:/usr/lib/gcc/avr/4.7.2/../../../avr/include/util/delay.h ****    the user gets atleast __us microseconds of delay.
 128:/usr/lib/gcc/avr/4.7.2/../../../avr/include/util/delay.h **** 
 129:/usr/lib/gcc/avr/4.7.2/../../../avr/include/util/delay.h ****    Alternatively, user can define __DELAY_ROUND_DOWN__ and __DELAY_ROUND_CLOSEST__
 130:/usr/lib/gcc/avr/4.7.2/../../../avr/include/util/delay.h ****    to round down and round to closest integer.
 131:/usr/lib/gcc/avr/4.7.2/../../../avr/include/util/delay.h **** 
 132:/usr/lib/gcc/avr/4.7.2/../../../avr/include/util/delay.h ****    Note: The new implementation of _delay_ms(double __ms) with 
 133:/usr/lib/gcc/avr/4.7.2/../../../avr/include/util/delay.h ****     __builtin_avr_delay_cycles(unsigned long) support is not backward compatible. 
 134:/usr/lib/gcc/avr/4.7.2/../../../avr/include/util/delay.h ****    User can define __DELAY_BACKWARD_COMPATIBLE__ to get a backward compatible delay.
 135:/usr/lib/gcc/avr/4.7.2/../../../avr/include/util/delay.h ****    Also, the backward compatible
 136:/usr/lib/gcc/avr/4.7.2/../../../avr/include/util/delay.h ****    algorithm will be chosen if the code is compiled in a <em>freestanding
 137:/usr/lib/gcc/avr/4.7.2/../../../avr/include/util/delay.h ****    environment</em> (GCC option \c -ffreestanding), as the math functions
 138:/usr/lib/gcc/avr/4.7.2/../../../avr/include/util/delay.h ****    required for rounding are not available to the compiler then.
 139:/usr/lib/gcc/avr/4.7.2/../../../avr/include/util/delay.h **** 
 140:/usr/lib/gcc/avr/4.7.2/../../../avr/include/util/delay.h ****  */
 141:/usr/lib/gcc/avr/4.7.2/../../../avr/include/util/delay.h **** void
 142:/usr/lib/gcc/avr/4.7.2/../../../avr/include/util/delay.h **** _delay_ms(double __ms)
 143:/usr/lib/gcc/avr/4.7.2/../../../avr/include/util/delay.h **** {
 144:/usr/lib/gcc/avr/4.7.2/../../../avr/include/util/delay.h **** 	uint16_t __ticks;
 145:/usr/lib/gcc/avr/4.7.2/../../../avr/include/util/delay.h **** 	double __tmp ; 
 146:/usr/lib/gcc/avr/4.7.2/../../../avr/include/util/delay.h **** #if __HAS_DELAY_CYCLES && defined(__OPTIMIZE__) && \
 147:/usr/lib/gcc/avr/4.7.2/../../../avr/include/util/delay.h ****   !defined(__DELAY_BACKWARD_COMPATIBLE__) &&	   \
 148:/usr/lib/gcc/avr/4.7.2/../../../avr/include/util/delay.h ****   __STDC_HOSTED__
 149:/usr/lib/gcc/avr/4.7.2/../../../avr/include/util/delay.h **** 	uint32_t __ticks_dc;
 150:/usr/lib/gcc/avr/4.7.2/../../../avr/include/util/delay.h **** 	extern void __builtin_avr_delay_cycles(unsigned long);
 151:/usr/lib/gcc/avr/4.7.2/../../../avr/include/util/delay.h **** 	__tmp = ((F_CPU) / 1e3) * __ms;
 152:/usr/lib/gcc/avr/4.7.2/../../../avr/include/util/delay.h **** 
 153:/usr/lib/gcc/avr/4.7.2/../../../avr/include/util/delay.h **** 	#if defined(__DELAY_ROUND_DOWN__)
 154:/usr/lib/gcc/avr/4.7.2/../../../avr/include/util/delay.h **** 		__ticks_dc = (uint32_t)fabs(__tmp);
 155:/usr/lib/gcc/avr/4.7.2/../../../avr/include/util/delay.h **** 
 156:/usr/lib/gcc/avr/4.7.2/../../../avr/include/util/delay.h **** 	#elif defined(__DELAY_ROUND_CLOSEST__)
 157:/usr/lib/gcc/avr/4.7.2/../../../avr/include/util/delay.h **** 		__ticks_dc = (uint32_t)(fabs(__tmp)+0.5);
 158:/usr/lib/gcc/avr/4.7.2/../../../avr/include/util/delay.h **** 
 159:/usr/lib/gcc/avr/4.7.2/../../../avr/include/util/delay.h **** 	#else
 160:/usr/lib/gcc/avr/4.7.2/../../../avr/include/util/delay.h **** 		//round up by default
 161:/usr/lib/gcc/avr/4.7.2/../../../avr/include/util/delay.h **** 		__ticks_dc = (uint32_t)(ceil(fabs(__tmp)));
 162:/usr/lib/gcc/avr/4.7.2/../../../avr/include/util/delay.h **** 	#endif
 163:/usr/lib/gcc/avr/4.7.2/../../../avr/include/util/delay.h **** 
 164:/usr/lib/gcc/avr/4.7.2/../../../avr/include/util/delay.h **** 	__builtin_avr_delay_cycles(__ticks_dc);
 165:/usr/lib/gcc/avr/4.7.2/../../../avr/include/util/delay.h **** 
 166:/usr/lib/gcc/avr/4.7.2/../../../avr/include/util/delay.h **** #else
 167:/usr/lib/gcc/avr/4.7.2/../../../avr/include/util/delay.h **** 	__tmp = ((F_CPU) / 4e3) * __ms;
 168:/usr/lib/gcc/avr/4.7.2/../../../avr/include/util/delay.h **** 	if (__tmp < 1.0)
 169:/usr/lib/gcc/avr/4.7.2/../../../avr/include/util/delay.h **** 		__ticks = 1;
 170:/usr/lib/gcc/avr/4.7.2/../../../avr/include/util/delay.h **** 	else if (__tmp > 65535)
 171:/usr/lib/gcc/avr/4.7.2/../../../avr/include/util/delay.h **** 	{
 172:/usr/lib/gcc/avr/4.7.2/../../../avr/include/util/delay.h **** 		//	__ticks = requested delay in 1/10 ms
 173:/usr/lib/gcc/avr/4.7.2/../../../avr/include/util/delay.h **** 		__ticks = (uint16_t) (__ms * 10.0);
 174:/usr/lib/gcc/avr/4.7.2/../../../avr/include/util/delay.h **** 		while(__ticks)
 175:/usr/lib/gcc/avr/4.7.2/../../../avr/include/util/delay.h **** 		{
 176:/usr/lib/gcc/avr/4.7.2/../../../avr/include/util/delay.h **** 			// wait 1/10 ms
 177:/usr/lib/gcc/avr/4.7.2/../../../avr/include/util/delay.h **** 			_delay_loop_2(((F_CPU) / 4e3) / 10);
 178:/usr/lib/gcc/avr/4.7.2/../../../avr/include/util/delay.h **** 			__ticks --;
 179:/usr/lib/gcc/avr/4.7.2/../../../avr/include/util/delay.h **** 		}
 180:/usr/lib/gcc/avr/4.7.2/../../../avr/include/util/delay.h **** 		return;
 181:/usr/lib/gcc/avr/4.7.2/../../../avr/include/util/delay.h **** 	}
 182:/usr/lib/gcc/avr/4.7.2/../../../avr/include/util/delay.h **** 	else
 183:/usr/lib/gcc/avr/4.7.2/../../../avr/include/util/delay.h **** 		__ticks = (uint16_t)__tmp;
 184:/usr/lib/gcc/avr/4.7.2/../../../avr/include/util/delay.h **** 	_delay_loop_2(__ticks);
 185:/usr/lib/gcc/avr/4.7.2/../../../avr/include/util/delay.h **** #endif
 186:/usr/lib/gcc/avr/4.7.2/../../../avr/include/util/delay.h **** }
 187:/usr/lib/gcc/avr/4.7.2/../../../avr/include/util/delay.h **** 
 188:/usr/lib/gcc/avr/4.7.2/../../../avr/include/util/delay.h **** /**
 189:/usr/lib/gcc/avr/4.7.2/../../../avr/include/util/delay.h ****    \ingroup util_delay
 190:/usr/lib/gcc/avr/4.7.2/../../../avr/include/util/delay.h **** 
 191:/usr/lib/gcc/avr/4.7.2/../../../avr/include/util/delay.h ****    Perform a delay of \c __us microseconds, using _delay_loop_1().
 192:/usr/lib/gcc/avr/4.7.2/../../../avr/include/util/delay.h **** 
 193:/usr/lib/gcc/avr/4.7.2/../../../avr/include/util/delay.h ****    The macro F_CPU is supposed to be defined to a
 194:/usr/lib/gcc/avr/4.7.2/../../../avr/include/util/delay.h ****    constant defining the CPU clock frequency (in Hertz).
 195:/usr/lib/gcc/avr/4.7.2/../../../avr/include/util/delay.h **** 
 196:/usr/lib/gcc/avr/4.7.2/../../../avr/include/util/delay.h ****    The maximal possible delay is 768 us / F_CPU in MHz.
 197:/usr/lib/gcc/avr/4.7.2/../../../avr/include/util/delay.h **** 
 198:/usr/lib/gcc/avr/4.7.2/../../../avr/include/util/delay.h ****    If the user requests a delay greater than the maximal possible one,
 199:/usr/lib/gcc/avr/4.7.2/../../../avr/include/util/delay.h ****    _delay_us() will automatically call _delay_ms() instead.  The user
 200:/usr/lib/gcc/avr/4.7.2/../../../avr/include/util/delay.h ****    will not be informed about this case.
 201:/usr/lib/gcc/avr/4.7.2/../../../avr/include/util/delay.h **** 
 202:/usr/lib/gcc/avr/4.7.2/../../../avr/include/util/delay.h ****    If the avr-gcc toolchain has __builtin_avr_delay_cycles(unsigned long)
 203:/usr/lib/gcc/avr/4.7.2/../../../avr/include/util/delay.h ****    support, maximal possible delay is 4294967.295 us/ F_CPU in MHz. For
 204:/usr/lib/gcc/avr/4.7.2/../../../avr/include/util/delay.h ****    values greater than the maximal possible delay, overflow results in
 205:/usr/lib/gcc/avr/4.7.2/../../../avr/include/util/delay.h ****    no delay i.e., 0us.
 206:/usr/lib/gcc/avr/4.7.2/../../../avr/include/util/delay.h ****   
 207:/usr/lib/gcc/avr/4.7.2/../../../avr/include/util/delay.h ****    Conversion of __us into clock cycles may not always result in integer.
 208:/usr/lib/gcc/avr/4.7.2/../../../avr/include/util/delay.h ****    By default, the clock cycles rounded up to next integer. This ensures that
 209:/usr/lib/gcc/avr/4.7.2/../../../avr/include/util/delay.h ****    the user gets atleast __us microseconds of delay.
 210:/usr/lib/gcc/avr/4.7.2/../../../avr/include/util/delay.h **** 
 211:/usr/lib/gcc/avr/4.7.2/../../../avr/include/util/delay.h ****    Alternatively, user can define __DELAY_ROUND_DOWN__ and __DELAY_ROUND_CLOSEST__
 212:/usr/lib/gcc/avr/4.7.2/../../../avr/include/util/delay.h ****    to round down and round to closest integer.
 213:/usr/lib/gcc/avr/4.7.2/../../../avr/include/util/delay.h ****  
 214:/usr/lib/gcc/avr/4.7.2/../../../avr/include/util/delay.h ****    Note: The new implementation of _delay_us(double __us) with 
 215:/usr/lib/gcc/avr/4.7.2/../../../avr/include/util/delay.h ****     __builtin_avr_delay_cycles(unsigned long) support is not backward compatible.
 216:/usr/lib/gcc/avr/4.7.2/../../../avr/include/util/delay.h ****    User can define __DELAY_BACKWARD_COMPATIBLE__ to get a backward compatible delay.
 217:/usr/lib/gcc/avr/4.7.2/../../../avr/include/util/delay.h ****    Also, the backward compatible
 218:/usr/lib/gcc/avr/4.7.2/../../../avr/include/util/delay.h ****    algorithm will be chosen if the code is compiled in a <em>freestanding
 219:/usr/lib/gcc/avr/4.7.2/../../../avr/include/util/delay.h ****    environment</em> (GCC option \c -ffreestanding), as the math functions
 220:/usr/lib/gcc/avr/4.7.2/../../../avr/include/util/delay.h ****    required for rounding are not available to the compiler then.
 221:/usr/lib/gcc/avr/4.7.2/../../../avr/include/util/delay.h **** 
 222:/usr/lib/gcc/avr/4.7.2/../../../avr/include/util/delay.h ****  */
 223:/usr/lib/gcc/avr/4.7.2/../../../avr/include/util/delay.h **** void
 224:/usr/lib/gcc/avr/4.7.2/../../../avr/include/util/delay.h **** _delay_us(double __us)
 225:/usr/lib/gcc/avr/4.7.2/../../../avr/include/util/delay.h **** {
 226:/usr/lib/gcc/avr/4.7.2/../../../avr/include/util/delay.h **** 	uint8_t __ticks;
 227:/usr/lib/gcc/avr/4.7.2/../../../avr/include/util/delay.h **** 	double __tmp ; 
 228:/usr/lib/gcc/avr/4.7.2/../../../avr/include/util/delay.h **** #if __HAS_DELAY_CYCLES && defined(__OPTIMIZE__) && \
 229:/usr/lib/gcc/avr/4.7.2/../../../avr/include/util/delay.h ****   !defined(__DELAY_BACKWARD_COMPATIBLE__) &&	   \
 230:/usr/lib/gcc/avr/4.7.2/../../../avr/include/util/delay.h ****   __STDC_HOSTED__
 231:/usr/lib/gcc/avr/4.7.2/../../../avr/include/util/delay.h **** 	uint32_t __ticks_dc;
 232:/usr/lib/gcc/avr/4.7.2/../../../avr/include/util/delay.h **** 	extern void __builtin_avr_delay_cycles(unsigned long);
 233:/usr/lib/gcc/avr/4.7.2/../../../avr/include/util/delay.h **** 	__tmp = ((F_CPU) / 1e6) * __us;
 234:/usr/lib/gcc/avr/4.7.2/../../../avr/include/util/delay.h **** 
 235:/usr/lib/gcc/avr/4.7.2/../../../avr/include/util/delay.h **** 	#if defined(__DELAY_ROUND_DOWN__)
 236:/usr/lib/gcc/avr/4.7.2/../../../avr/include/util/delay.h **** 		__ticks_dc = (uint32_t)fabs(__tmp);
 237:/usr/lib/gcc/avr/4.7.2/../../../avr/include/util/delay.h **** 
 238:/usr/lib/gcc/avr/4.7.2/../../../avr/include/util/delay.h **** 	#elif defined(__DELAY_ROUND_CLOSEST__)
 239:/usr/lib/gcc/avr/4.7.2/../../../avr/include/util/delay.h **** 		__ticks_dc = (uint32_t)(fabs(__tmp)+0.5);
 240:/usr/lib/gcc/avr/4.7.2/../../../avr/include/util/delay.h **** 
 241:/usr/lib/gcc/avr/4.7.2/../../../avr/include/util/delay.h **** 	#else
 242:/usr/lib/gcc/avr/4.7.2/../../../avr/include/util/delay.h **** 		//round up by default
 243:/usr/lib/gcc/avr/4.7.2/../../../avr/include/util/delay.h **** 		__ticks_dc = (uint32_t)(ceil(fabs(__tmp)));
 244:/usr/lib/gcc/avr/4.7.2/../../../avr/include/util/delay.h **** 	#endif
 245:/usr/lib/gcc/avr/4.7.2/../../../avr/include/util/delay.h **** 
 246:/usr/lib/gcc/avr/4.7.2/../../../avr/include/util/delay.h **** 	__builtin_avr_delay_cycles(__ticks_dc);
 112               		.loc 2 246 0
 113 0040 88E1      		ldi r24,lo8(24)
 114 0042 8A95      		1: dec r24
 115 0044 01F4      		brne 1b
 116 0046 00C0      		rjmp .
 117 0048 00C0      		rjmp .L3
 118               	.LBE7:
 119               	.LBE6:
 120               	.LFE6:
 148               	.Letext0:
 149               		.file 3 "/usr/lib/gcc/avr/4.7.2/../../../avr/include/stdint.h"
 150               		.file 4 "7seg.h"
 151               		.file 5 "automat.h"
 152               		.file 6 "uart.h"
DEFINED SYMBOLS
                            *ABS*:00000000 main.c
     /tmp/cc46ewtR.s:2      *ABS*:0000003e __SP_H__
     /tmp/cc46ewtR.s:3      *ABS*:0000003d __SP_L__
     /tmp/cc46ewtR.s:4      *ABS*:0000003f __SREG__
     /tmp/cc46ewtR.s:5      *ABS*:00000000 __tmp_reg__
     /tmp/cc46ewtR.s:6      *ABS*:00000001 __zero_reg__
     /tmp/cc46ewtR.s:19     .text.startup:00000000 main

UNDEFINED SYMBOLS
seg_init
mat_init
uart_init
uart_puts
uart_process
mat_check
mat_debug
test
connect
__do_copy_data
